[2015-10-09 14:13:01][debug] begin notify
[2015-10-09 14:13:01][debug] info
[2015-10-09 14:13:01][debug] wechat_post
[2015-10-09 14:14:35][debug] begin notify 123
[2015-10-09 14:14:35][debug] info
[2015-10-09 14:14:35][debug] wechat_post
[2015-10-09 14:14:35][debug] call back KING:{"appid":"wxdde46bb1ba0b4dd9","attach":"\u516d\u8c46\u4e91\u8d2d","bank_type":"CFT","cash_fee":"1","fee_type":"CNY","is_subscribe":"Y","mch_id":"1262700901","nonce_str":"grifo3hc99sgeye2kq9v5n0r46titjpw","openid":"o--cBuKJ7gm28aW-pyQx6PtbhZwA","out_trade_no":"126270090120151009141415","result_code":"SUCCESS","return_code":"SUCCESS","sign":"0C77084C8277531446F30E4BF2CB94EE","time_end":"20151009141435","total_fee":"1","trade_type":"NATIVE","transaction_id":"1006750206201510091138871226"}
[2015-10-09 14:14:36][debug] query:{"appid":"wxdde46bb1ba0b4dd9","attach":"\u516d\u8c46\u4e91\u8d2d","bank_type":"CFT","cash_fee":"1","fee_type":"CNY","is_subscribe":"Y","mch_id":"1262700901","nonce_str":"ecXXBuRA51hjjpGr","openid":"o--cBuKJ7gm28aW-pyQx6PtbhZwA","out_trade_no":"126270090120151009141415","result_code":"SUCCESS","return_code":"SUCCESS","return_msg":"OK","sign":"03EE9803133E6523FCCC3544F1DAA322","time_end":"20151009141435","total_fee":"1","trade_state":"SUCCESS","trade_type":"NATIVE","transaction_id":"1006750206201510091138871226"}
[2015-10-09 14:14:41][debug] begin notify 123
[2015-10-09 14:14:41][debug] info
[2015-10-09 14:14:41][debug] wechat_post
[2015-10-09 14:14:41][debug] call back KING:{"appid":"wxdde46bb1ba0b4dd9","attach":"\u516d\u8c46\u4e91\u8d2d","bank_type":"CFT","cash_fee":"1","fee_type":"CNY","is_subscribe":"Y","mch_id":"1262700901","nonce_str":"bhn1zuzh756t7cnsrl10oldcjohx9v7k","openid":"o--cBuKJ7gm28aW-pyQx6PtbhZwA","out_trade_no":"126270090120151009111010","result_code":"SUCCESS","return_code":"SUCCESS","sign":"918483AF069CEB9157FA06E2C977F54A","time_end":"20151009111026","total_fee":"1","trade_type":"NATIVE","transaction_id":"1006750206201510091136510065"}
[2015-10-09 14:14:41][debug] query:{"appid":"wxdde46bb1ba0b4dd9","attach":"\u516d\u8c46\u4e91\u8d2d","bank_type":"CFT","cash_fee":"1","fee_type":"CNY","is_subscribe":"Y","mch_id":"1262700901","nonce_str":"lXkHDtOYjaOespp6","openid":"o--cBuKJ7gm28aW-pyQx6PtbhZwA","out_trade_no":"126270090120151009111010","result_code":"SUCCESS","return_code":"SUCCESS","return_msg":"OK","sign":"1D4EEDB21E17288DF302BB0EE1F05040","time_end":"20151009111025","total_fee":"1","trade_state":"SUCCESS","trade_type":"NATIVE","transaction_id":"1006750206201510091136510065"}
[2015-10-09 14:15:49][debug] begin notify 123
[2015-10-09 14:15:49][debug] info
[2015-10-09 14:15:49][debug] wechat_post
[2015-10-09 14:15:49][debug] call back KING:{"appid":"wxdde46bb1ba0b4dd9","attach":"\u516d\u8c46\u4e91\u8d2d","bank_type":"CFT","cash_fee":"1","fee_type":"CNY","is_subscribe":"Y","mch_id":"1262700901","nonce_str":"a8shm0e15ecynp01rn40zav25bdfkxv6","openid":"o--cBuKJ7gm28aW-pyQx6PtbhZwA","out_trade_no":"126270090120151009141536","result_code":"SUCCESS","return_code":"SUCCESS","sign":"EDCAE82DC1D95A96163C9FD9DB87DE28","time_end":"20151009141548","total_fee":"1","trade_type":"NATIVE","transaction_id":"1006750206201510091138878241"}
[2015-10-09 14:15:50][debug] query:{"appid":"wxdde46bb1ba0b4dd9","attach":"\u516d\u8c46\u4e91\u8d2d","bank_type":"CFT","cash_fee":"1","fee_type":"CNY","is_subscribe":"Y","mch_id":"1262700901","nonce_str":"3RMKXr6cV25K40N6","openid":"o--cBuKJ7gm28aW-pyQx6PtbhZwA","out_trade_no":"126270090120151009141536","result_code":"SUCCESS","return_code":"SUCCESS","return_msg":"OK","sign":"367B7FCAE30C71C56FDB3A414E91D271","time_end":"20151009141547","total_fee":"1","trade_state":"SUCCESS","trade_type":"NATIVE","transaction_id":"1006750206201510091138878241"}
[2015-10-09 14:40:54][debug] begin notify
[2015-10-09 14:40:54][debug] call back:{"appid":"wxdde46bb1ba0b4dd9","attach":"\u516d\u8c46\u4e91\u8d2d","bank_type":"CFT","cash_fee":"1","fee_type":"CNY","is_subscribe":"Y","mch_id":"1262700901","nonce_str":"e5xfrbkwpivsz3ekoxurp4kofh89wibh","openid":"o--cBuKJ7gm28aW-pyQx6PtbhZwA","out_trade_no":"126270090120151009144034","result_code":"SUCCESS","return_code":"SUCCESS","sign":"B8FA4E6B8D8A1B3B79C39EE33C50282E","time_end":"20151009144053","total_fee":"1","trade_type":"NATIVE","transaction_id":"1006750206201510091139111878"}
[2015-10-09 14:40:54][debug] query:{"appid":"wxdde46bb1ba0b4dd9","attach":"\u516d\u8c46\u4e91\u8d2d","bank_type":"CFT","cash_fee":"1","fee_type":"CNY","is_subscribe":"Y","mch_id":"1262700901","nonce_str":"2gJC2kox9wiLXvAi","openid":"o--cBuKJ7gm28aW-pyQx6PtbhZwA","out_trade_no":"126270090120151009144034","result_code":"SUCCESS","return_code":"SUCCESS","return_msg":"OK","sign":"B41FDBC4A46797E471B95A7F7DB41044","time_end":"20151009144053","total_fee":"1","trade_state":"SUCCESS","trade_type":"NATIVE","transaction_id":"1006750206201510091139111878"}
